[debug] [2023-02-05T22:09:55.983Z] ----------------------------------------------------------------------
[debug] [2023-02-05T22:09:55.984Z] Command:       /Users/wes/.nvm/versions/node/v17.3.0/bin/node /Users/wes/.nvm/versions/node/v17.3.0/bin/firebase init
[debug] [2023-02-05T22:09:55.985Z] CLI Version:   11.20.0
[debug] [2023-02-05T22:09:55.985Z] Platform:      darwin
[debug] [2023-02-05T22:09:55.985Z] Node Version:  v17.3.0
[debug] [2023-02-05T22:09:55.985Z] Time:          Sun Feb 05 2023 14:09:55 GMT-0800 (Pacific Standard Time)
[debug] [2023-02-05T22:09:55.986Z] ----------------------------------------------------------------------
[debug] 
[debug] [2023-02-05T22:09:55.989Z] > command requires scopes: ["email","openid","https://www.googleapis.com/auth/cloudplatformprojects.readonly","https://www.googleapis.com/auth/firebase","https://www.googleapis.com/auth/cloud-platform"]
[debug] [2023-02-05T22:09:55.989Z] > authorizing via signed-in user (wes@pugsllc.com)
[info] 
     ######## #### ########  ######## ########     ###     ######  ########
     ##        ##  ##     ## ##       ##     ##  ##   ##  ##       ##
     ######    ##  ########  ######   ########  #########  ######  ######
     ##        ##  ##    ##  ##       ##     ## ##     ##       ## ##
     ##       #### ##     ## ######## ########  ##     ##  ######  ########

You're about to initialize a Firebase project in this directory:

  /Users/wes/Development/pugsllc/wesleylemahieu.com-nextjs

[info] 
=== Project Setup
[info] 
[info] First, let's associate this project directory with a Firebase project.
[info] You can create multiple project aliases by running firebase use --add, 
[info] but for now we'll just set up a default project.
[info] 
[debug] [2023-02-05T22:10:14.020Z] >>> [apiv2][query] GET https://firebase.googleapis.com/v1beta1/projects pageSize=100
[debug] [2023-02-05T22:10:14.475Z] <<< [apiv2][status] GET https://firebase.googleapis.com/v1beta1/projects 200
[debug] [2023-02-05T22:10:14.475Z] <<< [apiv2][body] GET https://firebase.googleapis.com/v1beta1/projects [omitted]
[info] i  Using project wesleylemahieu-com (wesleylemahieu-com) 
[info] 
=== Hosting Setup
[info] 
[info] i  Detected a .git folder at /Users/wes/Development/pugsllc/wesleylemahieu.com-nextjs 
[info] i  Authorizing with GitHub to upload your service account to a GitHub repository's secrets store. 
[info] 
[info] Visit this URL on this device to log in:
[info] https://github.com/login/oauth/authorize?client_id=89cf50f02ac6aaed3484&state=1056870771&redirect_uri=http%3A%2F%2Flocalhost%3A9009&scope=read%3Auser%20repo%20public_repo
[info] 
[info] Waiting for authentication...
[debug] [2023-02-05T22:10:25.839Z] >>> [apiv2][query] POST https://github.com/login/oauth/access_token [none]
[debug] [2023-02-05T22:10:25.839Z] >>> [apiv2][body] POST https://github.com/login/oauth/access_token [stream]
[debug] [2023-02-05T22:10:26.361Z] <<< [apiv2][status] POST https://github.com/login/oauth/access_token 200
[debug] [2023-02-05T22:10:26.362Z] <<< [apiv2][body] POST https://github.com/login/oauth/access_token {"access_token":"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","token_type":"bearer","scope":"read:user,repo"}
[debug] [2023-02-05T22:10:26.374Z] >>> [apiv2][query] GET https://api.github.com/user [none]
[debug] [2023-02-05T22:10:26.720Z] <<< [apiv2][status] GET https://api.github.com/user 200
[debug] [2023-02-05T22:10:26.720Z] <<< [apiv2][body] GET https://api.github.com/user {"login":"wlemahieu","id":9045737,"node_id":"MDQ6VXNlcjkwNDU3Mzc=","avatar_url":"https://avatars.githubusercontent.com/u/9045737?v=4","gravatar_id":"","url":"https://api.github.com/users/wlemahieu","html_url":"https://github.com/wlemahieu","followers_url":"https://api.github.com/users/wlemahieu/followers","following_url":"https://api.github.com/users/wlemahieu/following{/other_user}","gists_url":"https://api.github.com/users/wlemahieu/gists{/gist_id}","starred_url":"https://api.github.com/users/wlemahieu/starred{/owner}{/repo}","subscriptions_url":"https://api.github.com/users/wlemahieu/subscriptions","organizations_url":"https://api.github.com/users/wlemahieu/orgs","repos_url":"https://api.github.com/users/wlemahieu/repos","events_url":"https://api.github.com/users/wlemahieu/events{/privacy}","received_events_url":"https://api.github.com/users/wlemahieu/received_events","type":"User","site_admin":false,"name":"Wesley LeMahieu","company":null,"blog":"wesleylemahieu.com","location":null,"email":null,"hireable":null,"bio":"Software Architect","twitter_username":"WesleyLeMahieu","public_repos":10,"public_gists":0,"followers":17,"following":3,"created_at":"2014-10-07T03:28:51Z","updated_at":"2022-12-27T23:14:28Z","private_gists":0,"total_private_repos":14,"owned_private_repos":14,"disk_usage":87058,"collaborators":2,"two_factor_authentication":false,"plan":{"name":"pro","space":976562499,"collaborators":0,"private_repos":9999}}
[info] 
[info] ✔  Success! Logged into GitHub as wlemahieu 
[info] 
